2026/02/28 23:10:17 main.go:379: 📝 日志文件已启用: F:\goworkstation\MyGradProject2\MyGradProject\server.log
✅ [Config] 已从可执行文件目录加载 .env: F:\goworkstation\MyGradProject2\MyGradProject\.env
⏳ 正在连接数据库...
2026/02/28 23:10:17 db.go:27: ✅ 数据库文件权限已设置为 0644: collab.db

2026/02/28 23:10:17 [32mF:/goworkstation/code/pkg/mod/github.com/glebarez/sqlite@v1.11.0/migrator.go:32
[0m[33m[0.000ms] [34;1m[rows:-][0m SELECT count(*) FROM sqlite_master WHERE type='table' AND name="users"

2026/02/28 23:10:17 [32mF:/goworkstation/code/pkg/mod/github.com/glebarez/sqlite@v1.11.0/migrator.go:117
[0m[33m[0.000ms] [34;1m[rows:3][0m SELECT sql FROM sqlite_master WHERE type IN ("table","index") AND tbl_name = "users" AND sql IS NOT NULL order by type = "table" desc

2026/02/28 23:10:17 [32mF:/goworkstation/code/pkg/mod/github.com/glebarez/sqlite@v1.11.0/migrator.go:125
[0m[33m[0.000ms] [34;1m[rows:-][0m SELECT * FROM `users` LIMIT 1

2026/02/28 23:10:17 [32mF:/goworkstation/code/pkg/mod/github.com/glebarez/sqlite@v1.11.0/migrator.go:293
[0m[33m[0.000ms] [34;1m[rows:-][0m SELECT count(*) FROM sqlite_master WHERE type = "index" AND tbl_name = "users" AND name = "idx_users_deleted_at"

2026/02/28 23:10:17 [32mF:/goworkstation/code/pkg/mod/github.com/glebarez/sqlite@v1.11.0/migrator.go:293
[0m[33m[0.000ms] [34;1m[rows:-][0m SELECT count(*) FROM sqlite_master WHERE type = "index" AND tbl_name = "users" AND name = "idx_users_username"

2026/02/28 23:10:17 [32mF:/goworkstation/code/pkg/mod/github.com/glebarez/sqlite@v1.11.0/migrator.go:32
[0m[33m[0.000ms] [34;1m[rows:-][0m SELECT count(*) FROM sqlite_master WHERE type='table' AND name="documents"

2026/02/28 23:10:17 [32mF:/goworkstation/code/pkg/mod/github.com/glebarez/sqlite@v1.11.0/migrator.go:117
[0m[33m[0.514ms] [34;1m[rows:3][0m SELECT sql FROM sqlite_master WHERE type IN ("table","index") AND tbl_name = "documents" AND sql IS NOT NULL order by type = "table" desc

2026/02/28 23:10:17 [32mF:/goworkstation/code/pkg/mod/github.com/glebarez/sqlite@v1.11.0/migrator.go:125
[0m[33m[0.000ms] [34;1m[rows:-][0m SELECT * FROM `documents` LIMIT 1

2026/02/28 23:10:17 [32mF:/goworkstation/code/pkg/mod/github.com/glebarez/sqlite@v1.11.0/migrator.go:293
[0m[33m[0.000ms] [34;1m[rows:-][0m SELECT count(*) FROM sqlite_master WHERE type = "index" AND tbl_name = "documents" AND name = "idx_documents_deleted_at"

2026/02/28 23:10:17 [32mF:/goworkstation/code/pkg/mod/github.com/glebarez/sqlite@v1.11.0/migrator.go:293
[0m[33m[0.000ms] [34;1m[rows:-][0m SELECT count(*) FROM sqlite_master WHERE type = "index" AND tbl_name = "documents" AND name = "idx_documents_room_id"

2026/02/28 23:10:17 [32mF:/goworkstation/code/pkg/mod/github.com/glebarez/sqlite@v1.11.0/migrator.go:32
[0m[33m[0.000ms] [34;1m[rows:-][0m SELECT count(*) FROM sqlite_master WHERE type='table' AND name="messages"

2026/02/28 23:10:17 [32mF:/goworkstation/code/pkg/mod/github.com/glebarez/sqlite@v1.11.0/migrator.go:117
[0m[33m[0.000ms] [34;1m[rows:3][0m SELECT sql FROM sqlite_master WHERE type IN ("table","index") AND tbl_name = "messages" AND sql IS NOT NULL order by type = "table" desc

2026/02/28 23:10:17 [32mF:/goworkstation/code/pkg/mod/github.com/glebarez/sqlite@v1.11.0/migrator.go:125
[0m[33m[0.000ms] [34;1m[rows:-][0m SELECT * FROM `messages` LIMIT 1

2026/02/28 23:10:17 [32mF:/goworkstation/code/pkg/mod/github.com/glebarez/sqlite@v1.11.0/migrator.go:293
[0m[33m[0.000ms] [34;1m[rows:-][0m SELECT count(*) FROM sqlite_master WHERE type = "index" AND tbl_name = "messages" AND name = "idx_messages_deleted_at"

2026/02/28 23:10:17 [32mF:/goworkstation/code/pkg/mod/github.com/glebarez/sqlite@v1.11.0/migrator.go:293
[0m[33m[0.000ms] [34;1m[rows:-][0m SELECT count(*) FROM sqlite_master WHERE type = "index" AND tbl_name = "messages" AND name = "idx_messages_room_id"
✅ Database connected and migrated successfully!

2026/02/28 23:10:17 [32mF:/goworkstation/code/pkg/mod/github.com/glebarez/sqlite@v1.11.0/migrator.go:32
[0m[33m[0.000ms] [34;1m[rows:-][0m SELECT count(*) FROM sqlite_master WHERE type='table' AND name="users"

2026/02/28 23:10:17 [32mF:/goworkstation/code/pkg/mod/github.com/glebarez/sqlite@v1.11.0/migrator.go:117
[0m[33m[0.000ms] [34;1m[rows:3][0m SELECT sql FROM sqlite_master WHERE type IN ("table","index") AND tbl_name = "users" AND sql IS NOT NULL order by type = "table" desc

2026/02/28 23:10:17 [32mF:/goworkstation/code/pkg/mod/github.com/glebarez/sqlite@v1.11.0/migrator.go:125
[0m[33m[0.000ms] [34;1m[rows:-][0m SELECT * FROM `users` LIMIT 1

2026/02/28 23:10:17 [32mF:/goworkstation/code/pkg/mod/github.com/glebarez/sqlite@v1.11.0/migrator.go:293
[0m[33m[0.000ms] [34;1m[rows:-][0m SELECT count(*) FROM sqlite_master WHERE type = "index" AND tbl_name = "users" AND name = "idx_users_deleted_at"

2026/02/28 23:10:17 [32mF:/goworkstation/code/pkg/mod/github.com/glebarez/sqlite@v1.11.0/migrator.go:293
[0m[33m[0.000ms] [34;1m[rows:-][0m SELECT count(*) FROM sqlite_master WHERE type = "index" AND tbl_name = "users" AND name = "idx_users_username"

2026/02/28 23:10:17 [32mF:/goworkstation/code/pkg/mod/github.com/glebarez/sqlite@v1.11.0/migrator.go:32
[0m[33m[0.000ms] [34;1m[rows:-][0m SELECT count(*) FROM sqlite_master WHERE type='table' AND name="documents"

2026/02/28 23:10:17 [32mF:/goworkstation/code/pkg/mod/github.com/glebarez/sqlite@v1.11.0/migrator.go:117
[0m[33m[0.000ms] [34;1m[rows:3][0m SELECT sql FROM sqlite_master WHERE type IN ("table","index") AND tbl_name = "documents" AND sql IS NOT NULL order by type = "table" desc

2026/02/28 23:10:17 [32mF:/goworkstation/code/pkg/mod/github.com/glebarez/sqlite@v1.11.0/migrator.go:125
[0m[33m[0.000ms] [34;1m[rows:-][0m SELECT * FROM `documents` LIMIT 1

2026/02/28 23:10:17 [32mF:/goworkstation/code/pkg/mod/github.com/glebarez/sqlite@v1.11.0/migrator.go:293
[0m[33m[0.000ms] [34;1m[rows:-][0m SELECT count(*) FROM sqlite_master WHERE type = "index" AND tbl_name = "documents" AND name = "idx_documents_deleted_at"

2026/02/28 23:10:17 [32mF:/goworkstation/code/pkg/mod/github.com/glebarez/sqlite@v1.11.0/migrator.go:293
[0m[33m[0.000ms] [34;1m[rows:-][0m SELECT count(*) FROM sqlite_master WHERE type = "index" AND tbl_name = "documents" AND name = "idx_documents_room_id"

2026/02/28 23:10:17 [32mF:/goworkstation/code/pkg/mod/github.com/glebarez/sqlite@v1.11.0/migrator.go:32
[0m[33m[0.000ms] [34;1m[rows:-][0m SELECT count(*) FROM sqlite_master WHERE type='table' AND name="messages"

2026/02/28 23:10:17 [32mF:/goworkstation/code/pkg/mod/github.com/glebarez/sqlite@v1.11.0/migrator.go:117
[0m[33m[0.524ms] [34;1m[rows:3][0m SELECT sql FROM sqlite_master WHERE type IN ("table","index") AND tbl_name = "messages" AND sql IS NOT NULL order by type = "table" desc

2026/02/28 23:10:17 [32mF:/goworkstation/code/pkg/mod/github.com/glebarez/sqlite@v1.11.0/migrator.go:125
[0m[33m[0.000ms] [34;1m[rows:-][0m SELECT * FROM `messages` LIMIT 1

2026/02/28 23:10:17 [32mF:/goworkstation/code/pkg/mod/github.com/glebarez/sqlite@v1.11.0/migrator.go:293
[0m[33m[0.000ms] [34;1m[rows:-][0m SELECT count(*) FROM sqlite_master WHERE type = "index" AND tbl_name = "messages" AND name = "idx_messages_deleted_at"

2026/02/28 23:10:17 [32mF:/goworkstation/code/pkg/mod/github.com/glebarez/sqlite@v1.11.0/migrator.go:293
[0m[33m[0.000ms] [34;1m[rows:-][0m SELECT count(*) FROM sqlite_master WHERE type = "index" AND tbl_name = "messages" AND name = "idx_messages_room_id"

2026/02/28 23:10:17 [32mF:/goworkstation/code/pkg/mod/github.com/glebarez/sqlite@v1.11.0/migrator.go:32
[0m[33m[0.000ms] [34;1m[rows:-][0m SELECT count(*) FROM sqlite_master WHERE type='table' AND name="histories"

2026/02/28 23:10:17 [32mF:/goworkstation/code/pkg/mod/github.com/glebarez/sqlite@v1.11.0/migrator.go:117
[0m[33m[0.000ms] [34;1m[rows:2][0m SELECT sql FROM sqlite_master WHERE type IN ("table","index") AND tbl_name = "histories" AND sql IS NOT NULL order by type = "table" desc

2026/02/28 23:10:17 [32mF:/goworkstation/code/pkg/mod/github.com/glebarez/sqlite@v1.11.0/migrator.go:125
[0m[33m[0.000ms] [34;1m[rows:-][0m SELECT * FROM `histories` LIMIT 1

2026/02/28 23:10:17 [32mF:/goworkstation/code/pkg/mod/github.com/glebarez/sqlite@v1.11.0/migrator.go:293
[0m[33m[0.000ms] [34;1m[rows:-][0m SELECT count(*) FROM sqlite_master WHERE type = "index" AND tbl_name = "histories" AND name = "idx_histories_username"
[GIN-debug] [WARNING] Creating an Engine instance with the Logger and Recovery middleware already attached.

[GIN-debug] [WARNING] Running in "debug" mode. Switch to "release" mode in production.
 - using env:	export GIN_MODE=release
 - using code:	gin.SetMode(gin.ReleaseMode)

2026/02/28 23:10:17 main.go:132: 🔐 CORS 白名单已加载: [http://localhost:5173 http://wails.localhost]
2026/02/28 23:10:17 main.go:156: 📂 上传目录已就绪: uploads
[GIN-debug] GET    /uploads/*filepath        --> github.com/gin-gonic/gin.(*RouterGroup).createStaticHandler.func1 (4 handlers)
[GIN-debug] HEAD   /uploads/*filepath        --> github.com/gin-gonic/gin.(*RouterGroup).createStaticHandler.func1 (4 handlers)
2026/02/28 23:10:17 main.go:171: 📂 正在尝试挂载静态资源目录: F:\goworkstation\MyGradProject2\MyGradProject\dist
2026/02/28 23:10:17 main.go:212: ⚠️ DIST_PATH 指定的目录不存在: F:\goworkstation\MyGradProject2\MyGradProject\dist (原始路径: ./dist)
[GIN-debug] POST   /register                 --> collab-server/controllers.Register (4 handlers)
[GIN-debug] POST   /login                    --> collab-server/controllers.Login (4 handlers)
[GIN-debug] GET    /history                  --> collab-server/controllers.GetHistory (4 handlers)
[GIN-debug] POST   /upload                   --> collab-server/controllers.UploadImage (4 handlers)
[GIN-debug] GET    /ws                       --> main.main.func3 (4 handlers)
[GIN-debug] GET    /ping                     --> main.main.func4 (4 handlers)
2026/02/28 23:10:17 main.go:51: 💻 [环境判定] 本地开发环境 → 使用开发端口 8080
🚀 CollabServer 已启动: http://0.0.0.0:8080
2026/02/28 23:10:17 main.go:335: 📡 局域网广播服务已启动 (UDP:9999)，等待被发现...
[GIN] 2026/02/28 - 23:10:17 | 200 |            0s |             ::1 | GET      "/ping"
[GIN] 2026/02/28 - 23:10:27 | 200 |            0s |             ::1 | GET      "/ping"
2026/02/28 23:17:03 main.go:379: 📝 日志文件已启用: F:\goworkstation\MyGradProject2\MyGradProject\server.log
✅ [Config] 已从可执行文件目录加载 .env: F:\goworkstation\MyGradProject2\MyGradProject\.env
⏳ 正在连接数据库...
2026/02/28 23:17:03 db.go:27: ✅ 数据库文件权限已设置为 0644: collab.db

2026/02/28 23:17:03 [32mF:/goworkstation/code/pkg/mod/github.com/glebarez/sqlite@v1.11.0/migrator.go:32
[0m[33m[0.520ms] [34;1m[rows:-][0m SELECT count(*) FROM sqlite_master WHERE type='table' AND name="users"

2026/02/28 23:17:03 [32mF:/goworkstation/code/pkg/mod/github.com/glebarez/sqlite@v1.11.0/migrator.go:117
[0m[33m[0.000ms] [34;1m[rows:3][0m SELECT sql FROM sqlite_master WHERE type IN ("table","index") AND tbl_name = "users" AND sql IS NOT NULL order by type = "table" desc

2026/02/28 23:17:03 [32mF:/goworkstation/code/pkg/mod/github.com/glebarez/sqlite@v1.11.0/migrator.go:125
[0m[33m[0.000ms] [34;1m[rows:-][0m SELECT * FROM `users` LIMIT 1

2026/02/28 23:17:03 [32mF:/goworkstation/code/pkg/mod/github.com/glebarez/sqlite@v1.11.0/migrator.go:293
[0m[33m[0.000ms] [34;1m[rows:-][0m SELECT count(*) FROM sqlite_master WHERE type = "index" AND tbl_name = "users" AND name = "idx_users_deleted_at"

2026/02/28 23:17:03 [32mF:/goworkstation/code/pkg/mod/github.com/glebarez/sqlite@v1.11.0/migrator.go:293
[0m[33m[0.000ms] [34;1m[rows:-][0m SELECT count(*) FROM sqlite_master WHERE type = "index" AND tbl_name = "users" AND name = "idx_users_username"

2026/02/28 23:17:03 [32mF:/goworkstation/code/pkg/mod/github.com/glebarez/sqlite@v1.11.0/migrator.go:32
[0m[33m[0.000ms] [34;1m[rows:-][0m SELECT count(*) FROM sqlite_master WHERE type='table' AND name="documents"

2026/02/28 23:17:03 [32mF:/goworkstation/code/pkg/mod/github.com/glebarez/sqlite@v1.11.0/migrator.go:117
[0m[33m[0.000ms] [34;1m[rows:3][0m SELECT sql FROM sqlite_master WHERE type IN ("table","index") AND tbl_name = "documents" AND sql IS NOT NULL order by type = "table" desc

2026/02/28 23:17:03 [32mF:/goworkstation/code/pkg/mod/github.com/glebarez/sqlite@v1.11.0/migrator.go:125
[0m[33m[0.000ms] [34;1m[rows:-][0m SELECT * FROM `documents` LIMIT 1

2026/02/28 23:17:03 [32mF:/goworkstation/code/pkg/mod/github.com/glebarez/sqlite@v1.11.0/migrator.go:293
[0m[33m[0.000ms] [34;1m[rows:-][0m SELECT count(*) FROM sqlite_master WHERE type = "index" AND tbl_name = "documents" AND name = "idx_documents_deleted_at"

2026/02/28 23:17:03 [32mF:/goworkstation/code/pkg/mod/github.com/glebarez/sqlite@v1.11.0/migrator.go:293
[0m[33m[0.000ms] [34;1m[rows:-][0m SELECT count(*) FROM sqlite_master WHERE type = "index" AND tbl_name = "documents" AND name = "idx_documents_room_id"

2026/02/28 23:17:03 [32mF:/goworkstation/code/pkg/mod/github.com/glebarez/sqlite@v1.11.0/migrator.go:32
[0m[33m[0.000ms] [34;1m[rows:-][0m SELECT count(*) FROM sqlite_master WHERE type='table' AND name="messages"

2026/02/28 23:17:03 [32mF:/goworkstation/code/pkg/mod/github.com/glebarez/sqlite@v1.11.0/migrator.go:117
[0m[33m[0.000ms] [34;1m[rows:3][0m SELECT sql FROM sqlite_master WHERE type IN ("table","index") AND tbl_name = "messages" AND sql IS NOT NULL order by type = "table" desc

2026/02/28 23:17:03 [32mF:/goworkstation/code/pkg/mod/github.com/glebarez/sqlite@v1.11.0/migrator.go:125
[0m[33m[0.000ms] [34;1m[rows:-][0m SELECT * FROM `messages` LIMIT 1

2026/02/28 23:17:03 [32mF:/goworkstation/code/pkg/mod/github.com/glebarez/sqlite@v1.11.0/migrator.go:293
[0m[33m[0.000ms] [34;1m[rows:-][0m SELECT count(*) FROM sqlite_master WHERE type = "index" AND tbl_name = "messages" AND name = "idx_messages_deleted_at"

2026/02/28 23:17:03 [32mF:/goworkstation/code/pkg/mod/github.com/glebarez/sqlite@v1.11.0/migrator.go:293
[0m[33m[0.000ms] [34;1m[rows:-][0m SELECT count(*) FROM sqlite_master WHERE type = "index" AND tbl_name = "messages" AND name = "idx_messages_room_id"
✅ Database connected and migrated successfully!

2026/02/28 23:17:03 [32mF:/goworkstation/code/pkg/mod/github.com/glebarez/sqlite@v1.11.0/migrator.go:32
[0m[33m[0.000ms] [34;1m[rows:-][0m SELECT count(*) FROM sqlite_master WHERE type='table' AND name="users"

2026/02/28 23:17:03 [32mF:/goworkstation/code/pkg/mod/github.com/glebarez/sqlite@v1.11.0/migrator.go:117
[0m[33m[0.000ms] [34;1m[rows:3][0m SELECT sql FROM sqlite_master WHERE type IN ("table","index") AND tbl_name = "users" AND sql IS NOT NULL order by type = "table" desc

2026/02/28 23:17:03 [32mF:/goworkstation/code/pkg/mod/github.com/glebarez/sqlite@v1.11.0/migrator.go:125
[0m[33m[0.000ms] [34;1m[rows:-][0m SELECT * FROM `users` LIMIT 1

2026/02/28 23:17:03 [32mF:/goworkstation/code/pkg/mod/github.com/glebarez/sqlite@v1.11.0/migrator.go:293
[0m[33m[0.000ms] [34;1m[rows:-][0m SELECT count(*) FROM sqlite_master WHERE type = "index" AND tbl_name = "users" AND name = "idx_users_deleted_at"

2026/02/28 23:17:03 [32mF:/goworkstation/code/pkg/mod/github.com/glebarez/sqlite@v1.11.0/migrator.go:293
[0m[33m[0.000ms] [34;1m[rows:-][0m SELECT count(*) FROM sqlite_master WHERE type = "index" AND tbl_name = "users" AND name = "idx_users_username"

2026/02/28 23:17:03 [32mF:/goworkstation/code/pkg/mod/github.com/glebarez/sqlite@v1.11.0/migrator.go:32
[0m[33m[0.000ms] [34;1m[rows:-][0m SELECT count(*) FROM sqlite_master WHERE type='table' AND name="documents"

2026/02/28 23:17:03 [32mF:/goworkstation/code/pkg/mod/github.com/glebarez/sqlite@v1.11.0/migrator.go:117
[0m[33m[0.000ms] [34;1m[rows:3][0m SELECT sql FROM sqlite_master WHERE type IN ("table","index") AND tbl_name = "documents" AND sql IS NOT NULL order by type = "table" desc

2026/02/28 23:17:03 [32mF:/goworkstation/code/pkg/mod/github.com/glebarez/sqlite@v1.11.0/migrator.go:125
[0m[33m[0.000ms] [34;1m[rows:-][0m SELECT * FROM `documents` LIMIT 1

2026/02/28 23:17:03 [32mF:/goworkstation/code/pkg/mod/github.com/glebarez/sqlite@v1.11.0/migrator.go:293
[0m[33m[0.000ms] [34;1m[rows:-][0m SELECT count(*) FROM sqlite_master WHERE type = "index" AND tbl_name = "documents" AND name = "idx_documents_deleted_at"

2026/02/28 23:17:03 [32mF:/goworkstation/code/pkg/mod/github.com/glebarez/sqlite@v1.11.0/migrator.go:293
[0m[33m[0.000ms] [34;1m[rows:-][0m SELECT count(*) FROM sqlite_master WHERE type = "index" AND tbl_name = "documents" AND name = "idx_documents_room_id"

2026/02/28 23:17:03 [32mF:/goworkstation/code/pkg/mod/github.com/glebarez/sqlite@v1.11.0/migrator.go:32
[0m[33m[0.000ms] [34;1m[rows:-][0m SELECT count(*) FROM sqlite_master WHERE type='table' AND name="messages"

2026/02/28 23:17:03 [32mF:/goworkstation/code/pkg/mod/github.com/glebarez/sqlite@v1.11.0/migrator.go:117
[0m[33m[0.000ms] [34;1m[rows:3][0m SELECT sql FROM sqlite_master WHERE type IN ("table","index") AND tbl_name = "messages" AND sql IS NOT NULL order by type = "table" desc

2026/02/28 23:17:03 [32mF:/goworkstation/code/pkg/mod/github.com/glebarez/sqlite@v1.11.0/migrator.go:125
[0m[33m[0.000ms] [34;1m[rows:-][0m SELECT * FROM `messages` LIMIT 1

2026/02/28 23:17:03 [32mF:/goworkstation/code/pkg/mod/github.com/glebarez/sqlite@v1.11.0/migrator.go:293
[0m[33m[0.000ms] [34;1m[rows:-][0m SELECT count(*) FROM sqlite_master WHERE type = "index" AND tbl_name = "messages" AND name = "idx_messages_deleted_at"

2026/02/28 23:17:03 [32mF:/goworkstation/code/pkg/mod/github.com/glebarez/sqlite@v1.11.0/migrator.go:293
[0m[33m[0.000ms] [34;1m[rows:-][0m SELECT count(*) FROM sqlite_master WHERE type = "index" AND tbl_name = "messages" AND name = "idx_messages_room_id"

2026/02/28 23:17:03 [32mF:/goworkstation/code/pkg/mod/github.com/glebarez/sqlite@v1.11.0/migrator.go:32
[0m[33m[0.000ms] [34;1m[rows:-][0m SELECT count(*) FROM sqlite_master WHERE type='table' AND name="histories"

2026/02/28 23:17:03 [32mF:/goworkstation/code/pkg/mod/github.com/glebarez/sqlite@v1.11.0/migrator.go:117
[0m[33m[0.000ms] [34;1m[rows:2][0m SELECT sql FROM sqlite_master WHERE type IN ("table","index") AND tbl_name = "histories" AND sql IS NOT NULL order by type = "table" desc

2026/02/28 23:17:03 [32mF:/goworkstation/code/pkg/mod/github.com/glebarez/sqlite@v1.11.0/migrator.go:125
[0m[33m[0.000ms] [34;1m[rows:-][0m SELECT * FROM `histories` LIMIT 1

2026/02/28 23:17:03 [32mF:/goworkstation/code/pkg/mod/github.com/glebarez/sqlite@v1.11.0/migrator.go:293
[0m[33m[0.000ms] [34;1m[rows:-][0m SELECT count(*) FROM sqlite_master WHERE type = "index" AND tbl_name = "histories" AND name = "idx_histories_username"
[GIN-debug] [WARNING] Creating an Engine instance with the Logger and Recovery middleware already attached.

[GIN-debug] [WARNING] Running in "debug" mode. Switch to "release" mode in production.
 - using env:	export GIN_MODE=release
 - using code:	gin.SetMode(gin.ReleaseMode)

2026/02/28 23:17:03 main.go:132: 🔐 CORS 白名单已加载: [http://localhost:5173 http://wails.localhost]
2026/02/28 23:17:03 main.go:156: 📂 上传目录已就绪: uploads
[GIN-debug] GET    /uploads/*filepath        --> github.com/gin-gonic/gin.(*RouterGroup).createStaticHandler.func1 (4 handlers)
[GIN-debug] HEAD   /uploads/*filepath        --> github.com/gin-gonic/gin.(*RouterGroup).createStaticHandler.func1 (4 handlers)
2026/02/28 23:17:03 main.go:171: 📂 正在尝试挂载静态资源目录: F:\goworkstation\MyGradProject2\MyGradProject\dist
2026/02/28 23:17:03 main.go:212: ⚠️ DIST_PATH 指定的目录不存在: F:\goworkstation\MyGradProject2\MyGradProject\dist (原始路径: ./dist)
[GIN-debug] POST   /register                 --> collab-server/controllers.Register (4 handlers)
[GIN-debug] POST   /login                    --> collab-server/controllers.Login (4 handlers)
[GIN-debug] GET    /history                  --> collab-server/controllers.GetHistory (4 handlers)
[GIN-debug] POST   /upload                   --> collab-server/controllers.UploadImage (4 handlers)
[GIN-debug] GET    /ws                       --> main.main.func3 (4 handlers)
[GIN-debug] GET    /ping                     --> main.main.func4 (4 handlers)
2026/02/28 23:17:03 main.go:51: 💻 [环境判定] 本地开发环境 → 使用开发端口 8080
🚀 CollabServer 已启动: http://0.0.0.0:8080
2026/02/28 23:17:03 main.go:335: 📡 局域网广播服务已启动 (UDP:9999)，等待被发现...
[GIN] 2026/02/28 - 23:17:03 | 200 |            0s |             ::1 | GET      "/ping"
2026/02/28 23:22:29 main.go:379: 📝 日志文件已启用: F:\goworkstation\MyGradProject2\MyGradProject\server.log
✅ [Config] 已从可执行文件目录加载 .env: F:\goworkstation\MyGradProject2\MyGradProject\.env
⏳ 正在连接数据库...
2026/02/28 23:22:29 db.go:27: ✅ 数据库文件权限已设置为 0644: collab.db

2026/02/28 23:22:29 [32mF:/goworkstation/code/pkg/mod/github.com/glebarez/sqlite@v1.11.0/migrator.go:32
[0m[33m[0.561ms] [34;1m[rows:-][0m SELECT count(*) FROM sqlite_master WHERE type='table' AND name="users"

2026/02/28 23:22:29 [32mF:/goworkstation/code/pkg/mod/github.com/glebarez/sqlite@v1.11.0/migrator.go:117
[0m[33m[0.532ms] [34;1m[rows:3][0m SELECT sql FROM sqlite_master WHERE type IN ("table","index") AND tbl_name = "users" AND sql IS NOT NULL order by type = "table" desc

2026/02/28 23:22:29 [32mF:/goworkstation/code/pkg/mod/github.com/glebarez/sqlite@v1.11.0/migrator.go:125
[0m[33m[0.000ms] [34;1m[rows:-][0m SELECT * FROM `users` LIMIT 1

2026/02/28 23:22:29 [32mF:/goworkstation/code/pkg/mod/github.com/glebarez/sqlite@v1.11.0/migrator.go:293
[0m[33m[0.000ms] [34;1m[rows:-][0m SELECT count(*) FROM sqlite_master WHERE type = "index" AND tbl_name = "users" AND name = "idx_users_deleted_at"

2026/02/28 23:22:29 [32mF:/goworkstation/code/pkg/mod/github.com/glebarez/sqlite@v1.11.0/migrator.go:293
[0m[33m[0.000ms] [34;1m[rows:-][0m SELECT count(*) FROM sqlite_master WHERE type = "index" AND tbl_name = "users" AND name = "idx_users_username"

2026/02/28 23:22:29 [32mF:/goworkstation/code/pkg/mod/github.com/glebarez/sqlite@v1.11.0/migrator.go:32
[0m[33m[0.000ms] [34;1m[rows:-][0m SELECT count(*) FROM sqlite_master WHERE type='table' AND name="documents"

2026/02/28 23:22:29 [32mF:/goworkstation/code/pkg/mod/github.com/glebarez/sqlite@v1.11.0/migrator.go:117
[0m[33m[0.000ms] [34;1m[rows:3][0m SELECT sql FROM sqlite_master WHERE type IN ("table","index") AND tbl_name = "documents" AND sql IS NOT NULL order by type = "table" desc

2026/02/28 23:22:29 [32mF:/goworkstation/code/pkg/mod/github.com/glebarez/sqlite@v1.11.0/migrator.go:125
[0m[33m[0.000ms] [34;1m[rows:-][0m SELECT * FROM `documents` LIMIT 1

2026/02/28 23:22:29 [32mF:/goworkstation/code/pkg/mod/github.com/glebarez/sqlite@v1.11.0/migrator.go:293
[0m[33m[0.000ms] [34;1m[rows:-][0m SELECT count(*) FROM sqlite_master WHERE type = "index" AND tbl_name = "documents" AND name = "idx_documents_deleted_at"

2026/02/28 23:22:29 [32mF:/goworkstation/code/pkg/mod/github.com/glebarez/sqlite@v1.11.0/migrator.go:293
[0m[33m[0.000ms] [34;1m[rows:-][0m SELECT count(*) FROM sqlite_master WHERE type = "index" AND tbl_name = "documents" AND name = "idx_documents_room_id"

2026/02/28 23:22:29 [32mF:/goworkstation/code/pkg/mod/github.com/glebarez/sqlite@v1.11.0/migrator.go:32
[0m[33m[0.000ms] [34;1m[rows:-][0m SELECT count(*) FROM sqlite_master WHERE type='table' AND name="messages"

2026/02/28 23:22:29 [32mF:/goworkstation/code/pkg/mod/github.com/glebarez/sqlite@v1.11.0/migrator.go:117
[0m[33m[0.000ms] [34;1m[rows:3][0m SELECT sql FROM sqlite_master WHERE type IN ("table","index") AND tbl_name = "messages" AND sql IS NOT NULL order by type = "table" desc

2026/02/28 23:22:29 [32mF:/goworkstation/code/pkg/mod/github.com/glebarez/sqlite@v1.11.0/migrator.go:125
[0m[33m[0.000ms] [34;1m[rows:-][0m SELECT * FROM `messages` LIMIT 1

2026/02/28 23:22:29 [32mF:/goworkstation/code/pkg/mod/github.com/glebarez/sqlite@v1.11.0/migrator.go:293
[0m[33m[0.000ms] [34;1m[rows:-][0m SELECT count(*) FROM sqlite_master WHERE type = "index" AND tbl_name = "messages" AND name = "idx_messages_deleted_at"

2026/02/28 23:22:29 [32mF:/goworkstation/code/pkg/mod/github.com/glebarez/sqlite@v1.11.0/migrator.go:293
[0m[33m[0.000ms] [34;1m[rows:-][0m SELECT count(*) FROM sqlite_master WHERE type = "index" AND tbl_name = "messages" AND name = "idx_messages_room_id"
✅ Database connected and migrated successfully!

2026/02/28 23:22:29 [32mF:/goworkstation/code/pkg/mod/github.com/glebarez/sqlite@v1.11.0/migrator.go:32
[0m[33m[0.000ms] [34;1m[rows:-][0m SELECT count(*) FROM sqlite_master WHERE type='table' AND name="users"

2026/02/28 23:22:29 [32mF:/goworkstation/code/pkg/mod/github.com/glebarez/sqlite@v1.11.0/migrator.go:117
[0m[33m[0.000ms] [34;1m[rows:3][0m SELECT sql FROM sqlite_master WHERE type IN ("table","index") AND tbl_name = "users" AND sql IS NOT NULL order by type = "table" desc

2026/02/28 23:22:29 [32mF:/goworkstation/code/pkg/mod/github.com/glebarez/sqlite@v1.11.0/migrator.go:125
[0m[33m[0.000ms] [34;1m[rows:-][0m SELECT * FROM `users` LIMIT 1

2026/02/28 23:22:29 [32mF:/goworkstation/code/pkg/mod/github.com/glebarez/sqlite@v1.11.0/migrator.go:293
[0m[33m[0.000ms] [34;1m[rows:-][0m SELECT count(*) FROM sqlite_master WHERE type = "index" AND tbl_name = "users" AND name = "idx_users_deleted_at"

2026/02/28 23:22:29 [32mF:/goworkstation/code/pkg/mod/github.com/glebarez/sqlite@v1.11.0/migrator.go:293
[0m[33m[0.000ms] [34;1m[rows:-][0m SELECT count(*) FROM sqlite_master WHERE type = "index" AND tbl_name = "users" AND name = "idx_users_username"

2026/02/28 23:22:29 [32mF:/goworkstation/code/pkg/mod/github.com/glebarez/sqlite@v1.11.0/migrator.go:32
[0m[33m[0.000ms] [34;1m[rows:-][0m SELECT count(*) FROM sqlite_master WHERE type='table' AND name="documents"

2026/02/28 23:22:29 [32mF:/goworkstation/code/pkg/mod/github.com/glebarez/sqlite@v1.11.0/migrator.go:117
[0m[33m[0.000ms] [34;1m[rows:3][0m SELECT sql FROM sqlite_master WHERE type IN ("table","index") AND tbl_name = "documents" AND sql IS NOT NULL order by type = "table" desc

2026/02/28 23:22:29 [32mF:/goworkstation/code/pkg/mod/github.com/glebarez/sqlite@v1.11.0/migrator.go:125
[0m[33m[0.000ms] [34;1m[rows:-][0m SELECT * FROM `documents` LIMIT 1

2026/02/28 23:22:29 [32mF:/goworkstation/code/pkg/mod/github.com/glebarez/sqlite@v1.11.0/migrator.go:293
[0m[33m[0.000ms] [34;1m[rows:-][0m SELECT count(*) FROM sqlite_master WHERE type = "index" AND tbl_name = "documents" AND name = "idx_documents_deleted_at"

2026/02/28 23:22:29 [32mF:/goworkstation/code/pkg/mod/github.com/glebarez/sqlite@v1.11.0/migrator.go:293
[0m[33m[0.000ms] [34;1m[rows:-][0m SELECT count(*) FROM sqlite_master WHERE type = "index" AND tbl_name = "documents" AND name = "idx_documents_room_id"

2026/02/28 23:22:29 [32mF:/goworkstation/code/pkg/mod/github.com/glebarez/sqlite@v1.11.0/migrator.go:32
[0m[33m[0.000ms] [34;1m[rows:-][0m SELECT count(*) FROM sqlite_master WHERE type='table' AND name="messages"

2026/02/28 23:22:29 [32mF:/goworkstation/code/pkg/mod/github.com/glebarez/sqlite@v1.11.0/migrator.go:117
[0m[33m[0.000ms] [34;1m[rows:3][0m SELECT sql FROM sqlite_master WHERE type IN ("table","index") AND tbl_name = "messages" AND sql IS NOT NULL order by type = "table" desc

2026/02/28 23:22:29 [32mF:/goworkstation/code/pkg/mod/github.com/glebarez/sqlite@v1.11.0/migrator.go:125
[0m[33m[0.000ms] [34;1m[rows:-][0m SELECT * FROM `messages` LIMIT 1

2026/02/28 23:22:29 [32mF:/goworkstation/code/pkg/mod/github.com/glebarez/sqlite@v1.11.0/migrator.go:293
[0m[33m[0.000ms] [34;1m[rows:-][0m SELECT count(*) FROM sqlite_master WHERE type = "index" AND tbl_name = "messages" AND name = "idx_messages_deleted_at"

2026/02/28 23:22:29 [32mF:/goworkstation/code/pkg/mod/github.com/glebarez/sqlite@v1.11.0/migrator.go:293
[0m[33m[0.000ms] [34;1m[rows:-][0m SELECT count(*) FROM sqlite_master WHERE type = "index" AND tbl_name = "messages" AND name = "idx_messages_room_id"

2026/02/28 23:22:29 [32mF:/goworkstation/code/pkg/mod/github.com/glebarez/sqlite@v1.11.0/migrator.go:32
[0m[33m[0.000ms] [34;1m[rows:-][0m SELECT count(*) FROM sqlite_master WHERE type='table' AND name="histories"

2026/02/28 23:22:29 [32mF:/goworkstation/code/pkg/mod/github.com/glebarez/sqlite@v1.11.0/migrator.go:117
[0m[33m[0.000ms] [34;1m[rows:2][0m SELECT sql FROM sqlite_master WHERE type IN ("table","index") AND tbl_name = "histories" AND sql IS NOT NULL order by type = "table" desc

2026/02/28 23:22:29 [32mF:/goworkstation/code/pkg/mod/github.com/glebarez/sqlite@v1.11.0/migrator.go:125
[0m[33m[0.000ms] [34;1m[rows:-][0m SELECT * FROM `histories` LIMIT 1

2026/02/28 23:22:29 [32mF:/goworkstation/code/pkg/mod/github.com/glebarez/sqlite@v1.11.0/migrator.go:293
[0m[33m[0.000ms] [34;1m[rows:-][0m SELECT count(*) FROM sqlite_master WHERE type = "index" AND tbl_name = "histories" AND name = "idx_histories_username"
[GIN-debug] [WARNING] Creating an Engine instance with the Logger and Recovery middleware already attached.

[GIN-debug] [WARNING] Running in "debug" mode. Switch to "release" mode in production.
 - using env:	export GIN_MODE=release
 - using code:	gin.SetMode(gin.ReleaseMode)

2026/02/28 23:22:29 main.go:132: 🔐 CORS 白名单已加载: [http://localhost:5173 http://wails.localhost]
2026/02/28 23:22:29 main.go:156: 📂 上传目录已就绪: uploads
[GIN-debug] GET    /uploads/*filepath        --> github.com/gin-gonic/gin.(*RouterGroup).createStaticHandler.func1 (4 handlers)
[GIN-debug] HEAD   /uploads/*filepath        --> github.com/gin-gonic/gin.(*RouterGroup).createStaticHandler.func1 (4 handlers)
2026/02/28 23:22:29 main.go:171: 📂 正在尝试挂载静态资源目录: F:\goworkstation\MyGradProject2\MyGradProject\dist
2026/02/28 23:22:29 main.go:212: ⚠️ DIST_PATH 指定的目录不存在: F:\goworkstation\MyGradProject2\MyGradProject\dist (原始路径: ./dist)
[GIN-debug] POST   /register                 --> collab-server/controllers.Register (4 handlers)
[GIN-debug] POST   /login                    --> collab-server/controllers.Login (4 handlers)
[GIN-debug] GET    /history                  --> collab-server/controllers.GetHistory (4 handlers)
[GIN-debug] POST   /upload                   --> collab-server/controllers.UploadImage (4 handlers)
[GIN-debug] GET    /ws                       --> main.main.func3 (4 handlers)
[GIN-debug] GET    /ping                     --> main.main.func4 (4 handlers)
2026/02/28 23:22:29 main.go:51: 💻 [环境判定] 本地开发环境 → 使用开发端口 8080
🚀 CollabServer 已启动: http://0.0.0.0:8080
2026/02/28 23:22:29 main.go:335: 📡 局域网广播服务已启动 (UDP:9999)，等待被发现...
[GIN] 2026/02/28 - 23:22:29 | 200 |            0s |             ::1 | GET      "/ping"
[GIN] 2026/02/28 - 23:22:29 | 200 |            0s |             ::1 | GET      "/ping"
[GIN] 2026/02/28 - 23:22:45 | 204 |            0s |             ::1 | OPTIONS  "/login"

2026/02/28 23:22:45 [31;1mF:/goworkstation/MyGradProject2/MyGradProject/CollabServer/controllers/auth.go:68 [35;1mrecord not found
[0m[33m[0.000ms] [34;1m[rows:0][0m SELECT * FROM `users` WHERE username = "111" AND `users`.`deleted_at` IS NULL ORDER BY `users`.`id` LIMIT 1
[GIN] 2026/02/28 - 23:22:45 | 401 |      1.5708ms |             ::1 | POST     "/login"

2026/02/28 23:23:17 [31;1mF:/goworkstation/MyGradProject2/MyGradProject/CollabServer/controllers/auth.go:68 [35;1mrecord not found
[0m[33m[0.000ms] [34;1m[rows:0][0m SELECT * FROM `users` WHERE username = "111" AND `users`.`deleted_at` IS NULL ORDER BY `users`.`id` LIMIT 1
[GIN] 2026/02/28 - 23:23:17 | 401 |       553.9µs |             ::1 | POST     "/login"
[GIN] 2026/02/28 - 23:23:19 | 204 |            0s |             ::1 | OPTIONS  "/register"

2026/02/28 23:23:19 [32mF:/goworkstation/MyGradProject2/MyGradProject/CollabServer/controllers/auth.go:43
[0m[33m[7.616ms] [34;1m[rows:1][0m INSERT INTO `users` (`created_at`,`updated_at`,`deleted_at`,`username`,`password`,`avatar`,`role`) VALUES ("2026-02-28 23:23:19.241","2026-02-28 23:23:19.241",NULL,"111","$2a$10$GlasukL1w33ybtk0FZse/uWrOfnvKKmjy3B4Y9xAjkvqyhNA5oRVq","","user") RETURNING `id`
[GIN] 2026/02/28 - 23:23:19 | 200 |     61.6232ms |             ::1 | POST     "/register"

2026/02/28 23:23:21 [32mF:/goworkstation/MyGradProject2/MyGradProject/CollabServer/controllers/auth.go:68
[0m[33m[1.071ms] [34;1m[rows:1][0m SELECT * FROM `users` WHERE username = "111" AND `users`.`deleted_at` IS NULL ORDER BY `users`.`id` LIMIT 1
[GIN] 2026/02/28 - 23:23:21 | 200 |     54.1408ms |             ::1 | POST     "/login"

2026/02/28 23:23:21 [32mF:/goworkstation/MyGradProject2/MyGradProject/CollabServer/controllers/user.go:21
[0m[33m[0.000ms] [34;1m[rows:0][0m SELECT * FROM `histories` WHERE username = "111" ORDER BY updated_at desc LIMIT 10
[GIN] 2026/02/28 - 23:23:21 | 200 |       527.3µs |             ::1 | GET      "/history?username=111"
2026/02/28 23:23:22 client.go:57: 📡 WebSocket Origin 检查: origin=http://wails.localhost, 白名单=http://localhost:5173,http://wails.localhost
2026/02/28 23:23:22 client.go:64: ✅ WebSocket Origin 匹配: http://wails.localhost
[GIN] 2026/02/28 - 23:23:22 | 200 |      1.0756ms |             ::1 | GET      "/ws?room=demo-room&username=111"

2026/02/28 23:23:22 [31;1mF:/goworkstation/MyGradProject2/MyGradProject/CollabServer/websocket/hub.go:77 [35;1mrecord not found
[0m[33m[0.000ms] [34;1m[rows:0][0m SELECT * FROM `documents` WHERE room_id = "demo-room" AND `documents`.`deleted_at` IS NULL ORDER BY `documents`.`id` LIMIT 1
2026/02/28 23:23:22 hub.go:118: Join: 111 (Room: demo-room)

2026/02/28 23:23:22 [32mF:/goworkstation/MyGradProject2/MyGradProject/CollabServer/websocket/hub.go:89
[0m[33m[0.000ms] [34;1m[rows:0][0m SELECT * FROM `messages` WHERE room_id = "demo-room" AND `messages`.`deleted_at` IS NULL ORDER BY id desc LIMIT 50

2026/02/28 23:23:22 [31;1mF:/goworkstation/MyGradProject2/MyGradProject/CollabServer/websocket/hub.go:66 [35;1mrecord not found
[0m[33m[0.555ms] [34;1m[rows:0][0m SELECT * FROM `histories` WHERE username = "111" AND room_id = "demo-room" ORDER BY `histories`.`id` LIMIT 1

2026/02/28 23:23:22 [32mF:/goworkstation/MyGradProject2/MyGradProject/CollabServer/websocket/hub.go:71
[0m[33m[6.033ms] [34;1m[rows:1][0m INSERT INTO `histories` (`username`,`room_id`,`updated_at`) VALUES ("111","demo-room","2026-02-28 23:23:22.257") RETURNING `id`
2026/02/28 23:23:25 client.go:102: error: websocket: close 1005 (no status)

2026/02/28 23:24:04 [32mF:/goworkstation/MyGradProject2/MyGradProject/CollabServer/controllers/auth.go:68
[0m[33m[0.000ms] [34;1m[rows:1][0m SELECT * FROM `users` WHERE username = "111" AND `users`.`deleted_at` IS NULL ORDER BY `users`.`id` LIMIT 1
[GIN] 2026/02/28 - 23:24:04 | 200 |       53.64ms |             ::1 | POST     "/login"

2026/02/28 23:24:04 [32mF:/goworkstation/MyGradProject2/MyGradProject/CollabServer/controllers/user.go:21
[0m[33m[0.562ms] [34;1m[rows:1][0m SELECT * FROM `histories` WHERE username = "111" ORDER BY updated_at desc LIMIT 10
[GIN] 2026/02/28 - 23:24:04 | 200 |       561.8µs |             ::1 | GET      "/history?username=111"
2026/02/28 23:24:05 client.go:57: 📡 WebSocket Origin 检查: origin=http://wails.localhost, 白名单=http://localhost:5173,http://wails.localhost
2026/02/28 23:24:05 client.go:64: ✅ WebSocket Origin 匹配: http://wails.localhost
[GIN] 2026/02/28 - 23:24:05 | 200 |       619.1µs |             ::1 | GET      "/ws?room=demo-room&username=111"
2026/02/28 23:24:05 hub.go:118: Join: 111 (Room: demo-room)

2026/02/28 23:24:05 [32mF:/goworkstation/MyGradProject2/MyGradProject/CollabServer/websocket/hub.go:89
[0m[33m[0.535ms] [34;1m[rows:0][0m SELECT * FROM `messages` WHERE room_id = "demo-room" AND `messages`.`deleted_at` IS NULL ORDER BY id desc LIMIT 50

2026/02/28 23:24:05 [32mF:/goworkstation/MyGradProject2/MyGradProject/CollabServer/websocket/hub.go:66
[0m[33m[1.062ms] [34;1m[rows:1][0m SELECT * FROM `histories` WHERE username = "111" AND room_id = "demo-room" ORDER BY `histories`.`id` LIMIT 1

2026/02/28 23:24:05 [32mF:/goworkstation/MyGradProject2/MyGradProject/CollabServer/websocket/hub.go:69
[0m[33m[6.358ms] [34;1m[rows:1][0m UPDATE `histories` SET `username`="111",`room_id`="demo-room",`updated_at`="2026-02-28 23:24:05.181" WHERE `id` = 1
2026/02/28 23:28:40 main.go:379: 📝 日志文件已启用: F:\goworkstation\MyGradProject2\MyGradProject\server.log
✅ [Config] 已从可执行文件目录加载 .env: F:\goworkstation\MyGradProject2\MyGradProject\.env
⏳ 正在连接数据库...
2026/02/28 23:28:40 db.go:27: ✅ 数据库文件权限已设置为 0644: collab.db

2026/02/28 23:28:40 [32mF:/goworkstation/code/pkg/mod/github.com/glebarez/sqlite@v1.11.0/migrator.go:32
[0m[33m[0.513ms] [34;1m[rows:-][0m SELECT count(*) FROM sqlite_master WHERE type='table' AND name="users"

2026/02/28 23:28:40 [32mF:/goworkstation/code/pkg/mod/github.com/glebarez/sqlite@v1.11.0/migrator.go:117
[0m[33m[0.000ms] [34;1m[rows:3][0m SELECT sql FROM sqlite_master WHERE type IN ("table","index") AND tbl_name = "users" AND sql IS NOT NULL order by type = "table" desc

2026/02/28 23:28:40 [32mF:/goworkstation/code/pkg/mod/github.com/glebarez/sqlite@v1.11.0/migrator.go:125
[0m[33m[0.000ms] [34;1m[rows:-][0m SELECT * FROM `users` LIMIT 1

2026/02/28 23:28:40 [32mF:/goworkstation/code/pkg/mod/github.com/glebarez/sqlite@v1.11.0/migrator.go:293
[0m[33m[0.000ms] [34;1m[rows:-][0m SELECT count(*) FROM sqlite_master WHERE type = "index" AND tbl_name = "users" AND name = "idx_users_deleted_at"

2026/02/28 23:28:40 [32mF:/goworkstation/code/pkg/mod/github.com/glebarez/sqlite@v1.11.0/migrator.go:293
[0m[33m[0.000ms] [34;1m[rows:-][0m SELECT count(*) FROM sqlite_master WHERE type = "index" AND tbl_name = "users" AND name = "idx_users_username"

2026/02/28 23:28:40 [32mF:/goworkstation/code/pkg/mod/github.com/glebarez/sqlite@v1.11.0/migrator.go:32
[0m[33m[0.000ms] [34;1m[rows:-][0m SELECT count(*) FROM sqlite_master WHERE type='table' AND name="documents"

2026/02/28 23:28:40 [32mF:/goworkstation/code/pkg/mod/github.com/glebarez/sqlite@v1.11.0/migrator.go:117
[0m[33m[0.000ms] [34;1m[rows:3][0m SELECT sql FROM sqlite_master WHERE type IN ("table","index") AND tbl_name = "documents" AND sql IS NOT NULL order by type = "table" desc

2026/02/28 23:28:40 [32mF:/goworkstation/code/pkg/mod/github.com/glebarez/sqlite@v1.11.0/migrator.go:125
[0m[33m[0.000ms] [34;1m[rows:-][0m SELECT * FROM `documents` LIMIT 1

2026/02/28 23:28:40 [32mF:/goworkstation/code/pkg/mod/github.com/glebarez/sqlite@v1.11.0/migrator.go:293
[0m[33m[0.000ms] [34;1m[rows:-][0m SELECT count(*) FROM sqlite_master WHERE type = "index" AND tbl_name = "documents" AND name = "idx_documents_deleted_at"

2026/02/28 23:28:40 [32mF:/goworkstation/code/pkg/mod/github.com/glebarez/sqlite@v1.11.0/migrator.go:293
[0m[33m[0.000ms] [34;1m[rows:-][0m SELECT count(*) FROM sqlite_master WHERE type = "index" AND tbl_name = "documents" AND name = "idx_documents_room_id"

2026/02/28 23:28:40 [32mF:/goworkstation/code/pkg/mod/github.com/glebarez/sqlite@v1.11.0/migrator.go:32
[0m[33m[0.000ms] [34;1m[rows:-][0m SELECT count(*) FROM sqlite_master WHERE type='table' AND name="messages"

2026/02/28 23:28:40 [32mF:/goworkstation/code/pkg/mod/github.com/glebarez/sqlite@v1.11.0/migrator.go:117
[0m[33m[0.000ms] [34;1m[rows:3][0m SELECT sql FROM sqlite_master WHERE type IN ("table","index") AND tbl_name = "messages" AND sql IS NOT NULL order by type = "table" desc

2026/02/28 23:28:40 [32mF:/goworkstation/code/pkg/mod/github.com/glebarez/sqlite@v1.11.0/migrator.go:125
[0m[33m[0.000ms] [34;1m[rows:-][0m SELECT * FROM `messages` LIMIT 1

2026/02/28 23:28:40 [32mF:/goworkstation/code/pkg/mod/github.com/glebarez/sqlite@v1.11.0/migrator.go:293
[0m[33m[0.000ms] [34;1m[rows:-][0m SELECT count(*) FROM sqlite_master WHERE type = "index" AND tbl_name = "messages" AND name = "idx_messages_deleted_at"

2026/02/28 23:28:40 [32mF:/goworkstation/code/pkg/mod/github.com/glebarez/sqlite@v1.11.0/migrator.go:293
[0m[33m[0.000ms] [34;1m[rows:-][0m SELECT count(*) FROM sqlite_master WHERE type = "index" AND tbl_name = "messages" AND name = "idx_messages_room_id"
✅ Database connected and migrated successfully!

2026/02/28 23:28:40 [32mF:/goworkstation/code/pkg/mod/github.com/glebarez/sqlite@v1.11.0/migrator.go:32
[0m[33m[0.000ms] [34;1m[rows:-][0m SELECT count(*) FROM sqlite_master WHERE type='table' AND name="users"

2026/02/28 23:28:40 [32mF:/goworkstation/code/pkg/mod/github.com/glebarez/sqlite@v1.11.0/migrator.go:117
[0m[33m[0.000ms] [34;1m[rows:3][0m SELECT sql FROM sqlite_master WHERE type IN ("table","index") AND tbl_name = "users" AND sql IS NOT NULL order by type = "table" desc

2026/02/28 23:28:40 [32mF:/goworkstation/code/pkg/mod/github.com/glebarez/sqlite@v1.11.0/migrator.go:125
[0m[33m[0.000ms] [34;1m[rows:-][0m SELECT * FROM `users` LIMIT 1

2026/02/28 23:28:40 [32mF:/goworkstation/code/pkg/mod/github.com/glebarez/sqlite@v1.11.0/migrator.go:293
[0m[33m[0.000ms] [34;1m[rows:-][0m SELECT count(*) FROM sqlite_master WHERE type = "index" AND tbl_name = "users" AND name = "idx_users_deleted_at"

2026/02/28 23:28:40 [32mF:/goworkstation/code/pkg/mod/github.com/glebarez/sqlite@v1.11.0/migrator.go:293
[0m[33m[0.000ms] [34;1m[rows:-][0m SELECT count(*) FROM sqlite_master WHERE type = "index" AND tbl_name = "users" AND name = "idx_users_username"

2026/02/28 23:28:40 [32mF:/goworkstation/code/pkg/mod/github.com/glebarez/sqlite@v1.11.0/migrator.go:32
[0m[33m[0.000ms] [34;1m[rows:-][0m SELECT count(*) FROM sqlite_master WHERE type='table' AND name="documents"

2026/02/28 23:28:40 [32mF:/goworkstation/code/pkg/mod/github.com/glebarez/sqlite@v1.11.0/migrator.go:117
[0m[33m[0.000ms] [34;1m[rows:3][0m SELECT sql FROM sqlite_master WHERE type IN ("table","index") AND tbl_name = "documents" AND sql IS NOT NULL order by type = "table" desc

2026/02/28 23:28:40 [32mF:/goworkstation/code/pkg/mod/github.com/glebarez/sqlite@v1.11.0/migrator.go:125
[0m[33m[0.000ms] [34;1m[rows:-][0m SELECT * FROM `documents` LIMIT 1

2026/02/28 23:28:40 [32mF:/goworkstation/code/pkg/mod/github.com/glebarez/sqlite@v1.11.0/migrator.go:293
[0m[33m[0.000ms] [34;1m[rows:-][0m SELECT count(*) FROM sqlite_master WHERE type = "index" AND tbl_name = "documents" AND name = "idx_documents_deleted_at"

2026/02/28 23:28:40 [32mF:/goworkstation/code/pkg/mod/github.com/glebarez/sqlite@v1.11.0/migrator.go:293
[0m[33m[0.000ms] [34;1m[rows:-][0m SELECT count(*) FROM sqlite_master WHERE type = "index" AND tbl_name = "documents" AND name = "idx_documents_room_id"

2026/02/28 23:28:40 [32mF:/goworkstation/code/pkg/mod/github.com/glebarez/sqlite@v1.11.0/migrator.go:32
[0m[33m[0.000ms] [34;1m[rows:-][0m SELECT count(*) FROM sqlite_master WHERE type='table' AND name="messages"

2026/02/28 23:28:40 [32mF:/goworkstation/code/pkg/mod/github.com/glebarez/sqlite@v1.11.0/migrator.go:117
[0m[33m[0.000ms] [34;1m[rows:3][0m SELECT sql FROM sqlite_master WHERE type IN ("table","index") AND tbl_name = "messages" AND sql IS NOT NULL order by type = "table" desc

2026/02/28 23:28:40 [32mF:/goworkstation/code/pkg/mod/github.com/glebarez/sqlite@v1.11.0/migrator.go:125
[0m[33m[0.000ms] [34;1m[rows:-][0m SELECT * FROM `messages` LIMIT 1

2026/02/28 23:28:40 [32mF:/goworkstation/code/pkg/mod/github.com/glebarez/sqlite@v1.11.0/migrator.go:293
[0m[33m[0.000ms] [34;1m[rows:-][0m SELECT count(*) FROM sqlite_master WHERE type = "index" AND tbl_name = "messages" AND name = "idx_messages_deleted_at"

2026/02/28 23:28:40 [32mF:/goworkstation/code/pkg/mod/github.com/glebarez/sqlite@v1.11.0/migrator.go:293
[0m[33m[0.000ms] [34;1m[rows:-][0m SELECT count(*) FROM sqlite_master WHERE type = "index" AND tbl_name = "messages" AND name = "idx_messages_room_id"

2026/02/28 23:28:40 [32mF:/goworkstation/code/pkg/mod/github.com/glebarez/sqlite@v1.11.0/migrator.go:32
[0m[33m[0.000ms] [34;1m[rows:-][0m SELECT count(*) FROM sqlite_master WHERE type='table' AND name="histories"

2026/02/28 23:28:40 [32mF:/goworkstation/code/pkg/mod/github.com/glebarez/sqlite@v1.11.0/migrator.go:117
[0m[33m[1.012ms] [34;1m[rows:2][0m SELECT sql FROM sqlite_master WHERE type IN ("table","index") AND tbl_name = "histories" AND sql IS NOT NULL order by type = "table" desc

2026/02/28 23:28:40 [32mF:/goworkstation/code/pkg/mod/github.com/glebarez/sqlite@v1.11.0/migrator.go:125
[0m[33m[0.000ms] [34;1m[rows:-][0m SELECT * FROM `histories` LIMIT 1

2026/02/28 23:28:40 [32mF:/goworkstation/code/pkg/mod/github.com/glebarez/sqlite@v1.11.0/migrator.go:293
[0m[33m[0.000ms] [34;1m[rows:-][0m SELECT count(*) FROM sqlite_master WHERE type = "index" AND tbl_name = "histories" AND name = "idx_histories_username"
[GIN-debug] [WARNING] Creating an Engine instance with the Logger and Recovery middleware already attached.

[GIN-debug] [WARNING] Running in "debug" mode. Switch to "release" mode in production.
 - using env:	export GIN_MODE=release
 - using code:	gin.SetMode(gin.ReleaseMode)

2026/02/28 23:28:40 main.go:132: 🔐 CORS 白名单已加载: [http://localhost:5173 http://wails.localhost]
2026/02/28 23:28:40 main.go:156: 📂 上传目录已就绪: uploads
[GIN-debug] GET    /uploads/*filepath        --> github.com/gin-gonic/gin.(*RouterGroup).createStaticHandler.func1 (4 handlers)
[GIN-debug] HEAD   /uploads/*filepath        --> github.com/gin-gonic/gin.(*RouterGroup).createStaticHandler.func1 (4 handlers)
2026/02/28 23:28:40 main.go:171: 📂 正在尝试挂载静态资源目录: F:\goworkstation\MyGradProject2\MyGradProject\dist
2026/02/28 23:28:40 main.go:212: ⚠️ DIST_PATH 指定的目录不存在: F:\goworkstation\MyGradProject2\MyGradProject\dist (原始路径: ./dist)
[GIN-debug] POST   /register                 --> collab-server/controllers.Register (4 handlers)
[GIN-debug] POST   /login                    --> collab-server/controllers.Login (4 handlers)
[GIN-debug] GET    /history                  --> collab-server/controllers.GetHistory (4 handlers)
[GIN-debug] POST   /upload                   --> collab-server/controllers.UploadImage (4 handlers)
[GIN-debug] GET    /ws                       --> main.main.func3 (4 handlers)
[GIN-debug] GET    /ping                     --> main.main.func4 (4 handlers)
2026/02/28 23:28:40 main.go:51: 💻 [环境判定] 本地开发环境 → 使用开发端口 8080
🚀 CollabServer 已启动: http://0.0.0.0:8080
2026/02/28 23:28:40 main.go:335: 📡 局域网广播服务已启动 (UDP:9999)，等待被发现...
[GIN] 2026/02/28 - 23:28:40 | 200 |            0s |             ::1 | GET      "/ping"
[GIN] 2026/02/28 - 23:28:40 | 200 |            0s |             ::1 | GET      "/ping"
